<?xml version="1.0" encoding="UTF-8"?>
<!-- Generated by org.testng.reporters.JUnitReportReporter -->
<testsuite hostname="DESKTOP-IQLUL6H" failures="0" tests="1" name="runner.RunTest" time="7.747" errors="0" timestamp="26 Jul 2023 11:23:04 GMT" skipped="0">
  <testcase classname="runner.RunTest" name="runScenario" time="7.747"/>
</testsuite> <!-- runner.RunTest -->
