<?xml version="1.0" encoding="UTF-8"?>
<!-- Generated by org.testng.reporters.JUnitReportReporter -->
<testsuite skipped="0" hostname="DESKTOP-IQLUL6H" name="runner.RunTest" tests="1" failures="0" timestamp="28 Jul 2023 05:20:35 GMT" time="9.799" errors="0">
  <testcase name="runScenario" time="9.799" classname="runner.RunTest"/>
</testsuite> <!-- runner.RunTest -->
